kotlin version: 2.0.0
error message: Incremental compilation failed: java.lang.IndexOutOfBoundsException
java.lang.RuntimeException: java.lang.IndexOutOfBoundsException
	at org.jetbrains.kotlin.com.intellij.util.io.PersistentEnumeratorBase.catchCorruption(PersistentEnumeratorBase.java:628)
	at org.jetbrains.kotlin.com.intellij.util.io.PersistentEnumeratorBase.doEnumerate(PersistentEnumeratorBase.java:266)
	at org.jetbrains.kotlin.com.intellij.util.io.PersistentEnumeratorBase.tryEnumerate(PersistentEnumeratorBase.java:257)
	at org.jetbrains.kotlin.com.intellij.util.io.PersistentMapImpl.doGet(PersistentMapImpl.java:583)
	at org.jetbrains.kotlin.com.intellij.util.io.PersistentMapImpl.get(PersistentMapImpl.java:545)
	at org.jetbrains.kotlin.com.intellij.util.io.PersistentHashMap.get(PersistentHashMap.java:178)
	at org.jetbrains.kotlin.incremental.storage.LazyStorage.get(LazyStorage.kt:74)
	at org.jetbrains.kotlin.incremental.storage.InMemoryStorage.get(InMemoryStorage.kt:68)
	at org.jetbrains.kotlin.incremental.storage.PersistentStorageWrapper.get(PersistentStorage.kt:90)
	at org.jetbrains.kotlin.incremental.AbstractIncrementalCache.getSourceFileIfClass(AbstractIncrementalCache.kt:109)
	at org.jetbrains.kotlin.incremental.IncrementalJvmCompilerRunner.additionalDirtyFiles(IncrementalJvmCompilerRunner.kt:391)
	at org.jetbrains.kotlin.incremental.IncrementalJvmCompilerRunner.additionalDirtyFiles(IncrementalJvmCompilerRunner.kt:62)
	at org.jetbrains.kotlin.incremental.IncrementalCompilerRunner.doCompile(IncrementalCompilerRunner.kt:526)
	at org.jetbrains.kotlin.incremental.IncrementalCompilerRunner.compileImpl(IncrementalCompilerRunner.kt:423)
	at org.jetbrains.kotlin.incremental.IncrementalCompilerRunner.tryCompileIncrementally$lambda$9$compile(IncrementalCompilerRunner.kt:249)
	at org.jetbrains.kotlin.incremental.IncrementalCompilerRunner.tryCompileIncrementally(IncrementalCompilerRunner.kt:267)
	at org.jetbrains.kotlin.incremental.IncrementalCompilerRunner.compile(IncrementalCompilerRunner.kt:120)
	at org.jetbrains.kotlin.daemon.CompileServiceImplBase.execIncrementalCompiler(CompileServiceImpl.kt:676)
	at org.jetbrains.kotlin.daemon.CompileServiceImplBase.access$execIncrementalCompiler(CompileServiceImpl.kt:92)
	at org.jetbrains.kotlin.daemon.CompileServiceImpl.compile(CompileServiceImpl.kt:1661)
	at java.base/jdk.internal.reflect.DirectMethodHandleAccessor.invoke(Unknown Source)
	at java.base/java.lang.reflect.Method.invoke(Unknown Source)
	at java.rmi/sun.rmi.server.UnicastServerRef.dispatch(Unknown Source)
	at java.rmi/sun.rmi.transport.Transport$1.run(Unknown Source)
	at java.rmi/sun.rmi.transport.Transport$1.run(Unknown Source)
	at java.base/java.security.AccessController.doPrivileged(Unknown Source)
	at java.rmi/sun.rmi.transport.Transport.serviceCall(Unknown Source)
	at java.rmi/sun.rmi.transport.tcp.TCPTransport.handleMessages(Unknown Source)
	at java.rmi/sun.rmi.transport.tcp.TCPTransport$ConnectionHandler.run0(Unknown Source)
	at java.rmi/sun.rmi.transport.tcp.TCPTransport$ConnectionHandler.lambda$run$0(Unknown Source)
	at java.base/java.security.AccessController.doPrivileged(Unknown Source)
	at java.rmi/sun.rmi.transport.tcp.TCPTransport$ConnectionHandler.run(Unknown Source)
	at java.base/java.util.concurrent.ThreadPoolExecutor.runWorker(Unknown Source)
	at java.base/java.util.concurrent.ThreadPoolExecutor$Worker.run(Unknown Source)
	at java.base/java.lang.Thread.run(Unknown Source)
Caused by: java.lang.IndexOutOfBoundsException
	at java.base/java.nio.Buffer$1.apply(Unknown Source)
	at java.base/java.nio.Buffer$1.apply(Unknown Source)
	at java.base/jdk.internal.util.Preconditions$4.apply(Unknown Source)
	at java.base/jdk.internal.util.Preconditions$4.apply(Unknown Source)
	at java.base/jdk.internal.util.Preconditions.outOfBounds(Unknown Source)
	at java.base/jdk.internal.util.Preconditions.outOfBoundsCheckIndex(Unknown Source)
	at java.base/jdk.internal.util.Preconditions.checkIndex(Unknown Source)
	at java.base/java.nio.Buffer.checkIndex(Unknown Source)
	at java.base/java.nio.DirectByteBuffer.get(Unknown Source)
	at org.jetbrains.kotlin.com.intellij.util.io.DirectBufferWrapper.get(DirectBufferWrapper.java:62)
	at org.jetbrains.kotlin.com.intellij.util.io.keyStorage.AppendableStorageBackedByResizableMappedFile$3.write(AppendableStorageBackedByResizableMappedFile.java:207)
	at java.base/java.io.OutputStream.write(Unknown Source)
	at java.base/java.io.DataOutputStream.writeInt(Unknown Source)
	at org.jetbrains.kotlin.com.intellij.util.io.IOUtil.writeString(IOUtil.java:58)
	at org.jetbrains.kotlin.incremental.storage.StringExternalizer.save(externalizers.kt:224)
	at org.jetbrains.kotlin.incremental.storage.ExternalizersKt.writeString(externalizers.kt:254)
	at org.jetbrains.kotlin.incremental.storage.FqNameExternalizer.save(externalizers.kt:84)
	at org.jetbrains.kotlin.incremental.storage.FqNameExternalizer.save(externalizers.kt:81)
	at org.jetbrains.kotlin.incremental.storage.ExternalizersKt$toDescriptor$1.save(externalizers.kt)
	at org.jetbrains.kotlin.com.intellij.util.io.keyStorage.AppendableStorageBackedByResizableMappedFile.checkBytesAreTheSame(AppendableStorageBackedByResizableMappedFile.java:165)
	at org.jetbrains.kotlin.com.intellij.util.io.PersistentEnumeratorBase.isKeyAtIndex(PersistentEnumeratorBase.java:370)
	at org.jetbrains.kotlin.com.intellij.util.io.PersistentBTreeEnumerator.enumerateImpl(PersistentBTreeEnumerator.java:528)
	at org.jetbrains.kotlin.com.intellij.util.io.PersistentEnumeratorBase.lambda$doEnumerate$0(PersistentEnumeratorBase.java:267)
	at org.jetbrains.kotlin.com.intellij.util.io.PersistentEnumeratorBase.catchCorruption(PersistentEnumeratorBase.java:608)
	... 34 more


